2025-04-04 11:18:15.698112 - Received CBT.V508.FILE534.PDS from FILE534.XMI 
2025-04-04 11:18:15.699983 - Found $$$$$DOC.txt (text/plain) in CBT.V508.FILE534.PDS, moved to PDS/$$$$$DOC
2025-04-04 11:18:15.700142 - Found $$$#DATE.txt (text/plain) in CBT.V508.FILE534.PDS, moved to PDS/$$$#DATE
2025-04-04 11:18:15.700293 - Found $$NOTE01.eml (message/rfc822) in CBT.V508.FILE534.PDS, moved to PDS/$$NOTE01
2025-04-04 11:18:15.700427 - Found $$NOTE02.txt (text/plain) in CBT.V508.FILE534.PDS, moved to PDS/$$NOTE02
2025-04-04 11:18:15.700559 - Found $$VER210.txt (text/plain) in CBT.V508.FILE534.PDS, moved to PDS/$$VER210
2025-04-04 11:18:15.700680 - Found $INSTALL.txt (text/plain) in CBT.V508.FILE534.PDS, moved to PDS/$INSTALL
2025-04-04 11:18:15.700825 - Found @FILE534.txt (text/plain) in CBT.V508.FILE534.PDS, moved to PDS/@FILE534
2025-04-04 11:18:15.700950 - Found IKJTSO00.txt (text/plain) in CBT.V508.FILE534.PDS, moved to PDS/IKJTSO00
2025-04-04 11:18:15.701069 - Found ISR@PRIM.txt (text/plain) in CBT.V508.FILE534.PDS, moved to PDS/ISR@PRIM
2025-04-04 11:18:15.701192 - Found JCL1.jcl (text/plain) in CBT.V508.FILE534.PDS, moved to PDS/JCL1
2025-04-04 11:18:15.701319 - Found JCL2.jcl (text/plain) in CBT.V508.FILE534.PDS, moved to PDS/JCL2
2025-04-04 11:18:15.701623 - Found SPACE.txt (text/plain) in CBT.V508.FILE534.PDS, moved to PDS/SPACE
2025-04-04 11:18:15.701928 - Found SPACE01.txt (text/plain) in CBT.V508.FILE534.PDS, moved to PDS/SPACE01
2025-04-04 11:18:15.702253 - Found SPACE02.txt (text/plain) in CBT.V508.FILE534.PDS, moved to PDS/SPACE02
2025-04-04 11:18:15.702391 - Found SPF@PRIM.txt (text/plain) in CBT.V508.FILE534.PDS, moved to PDS/SPF@PRIM
2025-04-04 11:18:15.702509 - Found SSCSPCD1.txt (text/plain) in CBT.V508.FILE534.PDS, moved to PDS/SSCSPCD1
2025-04-04 11:18:15.702629 - Found SSCSPCFA.txt (text/plain) in CBT.V508.FILE534.PDS, moved to PDS/SSCSPCFA
2025-04-04 11:18:15.705163 - Found SSCSPCFB.txt (text/plain) in CBT.V508.FILE534.PDS, moved to PDS/SSCSPCFB
2025-04-04 11:18:15.705366 - Found SSCSPCFC.txt (text/plain) in CBT.V508.FILE534.PDS, moved to PDS/SSCSPCFC
2025-04-04 11:18:15.705501 - Found SSCSPCFD.txt (text/plain) in CBT.V508.FILE534.PDS, moved to PDS/SSCSPCFD
2025-04-04 11:18:15.705623 - Found SSCSPCFE.txt (text/plain) in CBT.V508.FILE534.PDS, moved to PDS/SSCSPCFE
2025-04-04 11:18:15.705742 - Found SSCSPCFF.txt (text/plain) in CBT.V508.FILE534.PDS, moved to PDS/SSCSPCFF
2025-04-04 11:18:15.705864 - Found SSCSPCFG.txt (text/plain) in CBT.V508.FILE534.PDS, moved to PDS/SSCSPCFG
2025-04-04 11:18:15.705985 - Found SSCSPCFH.txt (text/plain) in CBT.V508.FILE534.PDS, moved to PDS/SSCSPCFH
2025-04-04 11:18:15.706099 - Found SSCSPCFI.txt (text/plain) in CBT.V508.FILE534.PDS, moved to PDS/SSCSPCFI
2025-04-04 11:18:15.706214 - Found SSCSPCF1.txt (text/plain) in CBT.V508.FILE534.PDS, moved to PDS/SSCSPCF1
2025-04-04 11:18:15.706331 - Found SSCSPCF2.txt (text/plain) in CBT.V508.FILE534.PDS, moved to PDS/SSCSPCF2
2025-04-04 11:18:15.706445 - Found SSCSPCF3.txt (text/plain) in CBT.V508.FILE534.PDS, moved to PDS/SSCSPCF3
2025-04-04 11:18:15.706563 - Found SSCSPCF4.txt (text/plain) in CBT.V508.FILE534.PDS, moved to PDS/SSCSPCF4
2025-04-04 11:18:15.706694 - Found SSCSPCF5.txt (text/plain) in CBT.V508.FILE534.PDS, moved to PDS/SSCSPCF5
2025-04-04 11:18:15.706831 - Found SSCSPCF6.txt (text/plain) in CBT.V508.FILE534.PDS, moved to PDS/SSCSPCF6
2025-04-04 11:18:15.706948 - Found SSCSPCF7.txt (text/plain) in CBT.V508.FILE534.PDS, moved to PDS/SSCSPCF7
2025-04-04 11:18:15.707078 - Found SSCSPCF8.txt (text/plain) in CBT.V508.FILE534.PDS, moved to PDS/SSCSPCF8
2025-04-04 11:18:15.707195 - Found SSCSPCF9.txt (text/plain) in CBT.V508.FILE534.PDS, moved to PDS/SSCSPCF9
2025-04-04 11:18:15.707333 - Found SSCSPCG1.txt (text/plain) in CBT.V508.FILE534.PDS, moved to PDS/SSCSPCG1
2025-04-04 11:18:15.707487 - Found SSCSPCH1.txt (text/plain) in CBT.V508.FILE534.PDS, moved to PDS/SSCSPCH1
2025-04-04 11:18:15.707669 - Found SSCSPCM1.txt (text/plain) in CBT.V508.FILE534.PDS, moved to PDS/SSCSPCM1
2025-04-04 11:18:15.707808 - Found SSCSPCO0.txt (text/plain) in CBT.V508.FILE534.PDS, moved to PDS/SSCSPCO0
2025-04-04 11:18:15.707954 - Found SSCSPCO1.txt (text/plain) in CBT.V508.FILE534.PDS, moved to PDS/SSCSPCO1
2025-04-04 11:18:15.708103 - Found SSCSPCO2.txt (text/plain) in CBT.V508.FILE534.PDS, moved to PDS/SSCSPCO2
2025-04-04 11:18:15.708239 - Found SSCSPCO3.txt (text/plain) in CBT.V508.FILE534.PDS, moved to PDS/SSCSPCO3
2025-04-04 11:18:15.708381 - Found SSCSPCO4.txt (text/plain) in CBT.V508.FILE534.PDS, moved to PDS/SSCSPCO4
2025-04-04 11:18:15.708518 - Found SSCSPCO5.txt (text/plain) in CBT.V508.FILE534.PDS, moved to PDS/SSCSPCO5
2025-04-04 11:18:15.708644 - Found SSCSPCO6.txt (text/plain) in CBT.V508.FILE534.PDS, moved to PDS/SSCSPCO6
2025-04-04 11:18:15.708788 - Found SSCSPCP1.txt (text/plain) in CBT.V508.FILE534.PDS, moved to PDS/SSCSPCP1
2025-04-04 11:18:15.708916 - Found SSCSPC01.txt (text/plain) in CBT.V508.FILE534.PDS, moved to PDS/SSCSPC01
2025-04-04 11:18:15.709049 - Found SSCSPC02.txt (text/plain) in CBT.V508.FILE534.PDS, moved to PDS/SSCSPC02
2025-04-04 11:18:15.709197 - Found SSCSPC03.bin (application/octet-stream) in CBT.V508.FILE534.PDS, moved to PDS/SSCSPC03
